<?xml version="1.0" encoding="UTF-8"?>
<testng-results skipped="1" failed="0" total="1" passed="0">
  <reporter-output>
  </reporter-output>
  <suite name="Default suite" duration-ms="2951" started-at="2021-10-06T04:57:49Z" finished-at="2021-10-06T04:57:52Z">
    <groups>
    </groups>
    <test name="Default test" duration-ms="2951" started-at="2021-10-06T04:57:49Z" finished-at="2021-10-06T04:57:52Z">
      <class name="com.sfdc.testcases.LoginTestSFDC">
        <test-method status="PASS" signature="setUpSuit()[pri:0, instance:com.sfdc.testcases.LoginTestSFDC@3b6eb2ec]" name="setUpSuit" is-config="true" duration-ms="753" started-at="2021-10-06T10:27:48Z" finished-at="2021-10-06T10:27:49Z">
          <reporter-output>
          </reporter-output>
        </test-method> <!-- setUpSuit -->
        <test-method status="FAIL" signature="setUp()[pri:0, instance:com.sfdc.testcases.LoginTestSFDC@3b6eb2ec]" name="setUp" is-config="true" duration-ms="0" started-at="2021-10-06T10:27:49Z" finished-at="2021-10-06T10:27:49Z">
          <exception class="java.lang.NullPointerException">
            <message>
              <![CDATA[null value in entry: url=null]]>
            </message>
            <full-stacktrace>
              <![CDATA[java.lang.NullPointerException: null value in entry: url=null
	at com.google.common.collect.CollectPreconditions.checkEntryNotNull(CollectPreconditions.java:32)
	at com.google.common.collect.SingletonImmutableBiMap.<init>(SingletonImmutableBiMap.java:42)
	at com.google.common.collect.ImmutableBiMap.of(ImmutableBiMap.java:72)
	at com.google.common.collect.ImmutableMap.of(ImmutableMap.java:124)
	at org.openqa.selenium.remote.RemoteWebDriver.get(RemoteWebDriver.java:276)
	at com.sfdc.utility.BrowseFactory.startApplication(Unknown Source)
	at com.sfdc.pages.BaseClass.setUp(Unknown Source)
	at sun.reflect.NativeMethodAccessorImpl.invoke0(Native Method)
	at sun.reflect.NativeMethodAccessorImpl.invoke(Unknown Source)
	at sun.reflect.DelegatingMethodAccessorImpl.invoke(Unknown Source)
	at java.lang.reflect.Method.invoke(Unknown Source)
	at org.testng.internal.MethodInvocationHelper.invokeMethod(MethodInvocationHelper.java:86)
	at org.testng.internal.Invoker.invokeConfigurationMethod(Invoker.java:514)
	at org.testng.internal.Invoker.invokeConfigurations(Invoker.java:215)
	at org.testng.internal.Invoker.invokeConfigurations(Invoker.java:142)
	at org.testng.internal.TestMethodWorker.invokeBeforeClassMethods(TestMethodWorker.java:178)
	at org.testng.internal.TestMethodWorker.run(TestMethodWorker.java:108)
	at org.testng.TestRunner.privateRun(TestRunner.java:782)
	at org.testng.TestRunner.run(TestRunner.java:632)
	at org.testng.SuiteRunner.runTest(SuiteRunner.java:366)
	at org.testng.SuiteRunner.runSequentially(SuiteRunner.java:361)
	at org.testng.SuiteRunner.privateRun(SuiteRunner.java:319)
	at org.testng.SuiteRunner.run(SuiteRunner.java:268)
	at org.testng.SuiteRunnerWorker.runSuite(SuiteRunnerWorker.java:52)
	at org.testng.SuiteRunnerWorker.run(SuiteRunnerWorker.java:86)
	at org.testng.TestNG.runSuitesSequentially(TestNG.java:1244)
	at org.testng.TestNG.runSuitesLocally(TestNG.java:1169)
	at org.testng.TestNG.run(TestNG.java:1064)
	at org.testng.remote.RemoteTestNG.run(RemoteTestNG.java:113)
	at org.testng.remote.RemoteTestNG.initAndRun(RemoteTestNG.java:206)
	at org.testng.remote.RemoteTestNG.main(RemoteTestNG.java:177)
]]>
            </full-stacktrace>
          </exception> <!-- java.lang.NullPointerException -->
          <reporter-output>
          </reporter-output>
        </test-method> <!-- setUp -->
        <test-method status="SKIP" signature="loginApplicationTest()[pri:1, instance:com.sfdc.testcases.LoginTestSFDC@3b6eb2ec]" name="loginApplicationTest" duration-ms="1" started-at="2021-10-06T10:27:52Z" finished-at="2021-10-06T10:27:52Z">
          <reporter-output>
          </reporter-output>
        </test-method> <!-- loginApplicationTest -->
        <test-method status="SKIP" signature="tearDownMethod(org.testng.ITestResult)[pri:0, instance:com.sfdc.testcases.LoginTestSFDC@3b6eb2ec]" name="tearDownMethod" is-config="true" duration-ms="0" started-at="2021-10-06T10:27:52Z" finished-at="2021-10-06T10:27:52Z">
          <reporter-output>
          </reporter-output>
        </test-method> <!-- tearDownMethod -->
        <test-method status="SKIP" signature="tearDown()[pri:0, instance:com.sfdc.testcases.LoginTestSFDC@3b6eb2ec]" name="tearDown" is-config="true" duration-ms="0" started-at="2021-10-06T10:27:52Z" finished-at="2021-10-06T10:27:52Z">
          <reporter-output>
          </reporter-output>
        </test-method> <!-- tearDown -->
      </class> <!-- com.sfdc.testcases.LoginTestSFDC -->
    </test> <!-- Default test -->
  </suite> <!-- Default suite -->
</testng-results>
