<?xml version="1.0" encoding="UTF-8"?>
<!-- Generated by org.testng.reporters.JUnitXMLReporter -->
<testsuite hostname="USBLRSANBHOWMI1" name="Default test" tests="3" failures="0" timestamp="26 Oct 2021 14:11:47 GMT" time="3.822" errors="0">
  <testcase name="addBook" time="3.063" classname="com.qa.rest.test.DynamicJson"/>
  <testcase name="addBook" time="0.36" classname="com.qa.rest.test.DynamicJson"/>
  <testcase name="addBook" time="0.375" classname="com.qa.rest.test.DynamicJson"/>
</testsuite> <!-- Default test -->
